2025-09-07 21:13:51,778 - INFO - Starting content classifier UI application...
2025-09-07 21:26:10,602 - INFO - Starting content classifier UI application...
2025-09-07 21:26:10,749 - INFO - Loading vectorizer from /Users/lilachshay/fake_news_detection/models/tfidf_vectorizer.joblib
2025-09-07 21:26:13,737 - INFO - Loading naive_bayes model from /Users/lilachshay/fake_news_detection/models/naive_bayes_model.joblib
2025-09-07 21:26:13,746 - INFO - Loading logistic_regression model from /Users/lilachshay/fake_news_detection/models/logistic_regression_model.joblib
2025-09-07 21:26:14,202 - INFO - Loading decision_tree model from /Users/lilachshay/fake_news_detection/models/decision_tree_model.joblib
2025-09-07 21:26:14,498 - INFO - Loading random_forest model from /Users/lilachshay/fake_news_detection/models/random_forest_model.joblib
2025-09-07 21:26:14,499 - ERROR - Error loading models: Model file not found: /Users/lilachshay/fake_news_detection/models/random_forest_model.joblib
2025-09-07 21:28:39,771 - INFO - Starting content classifier UI application...
2025-09-07 21:28:39,986 - INFO - Loading vectorizer from /Users/lilachshay/fake_news_detection/models/tfidf_vectorizer.joblib
2025-09-07 21:28:41,914 - INFO - Loading naive_bayes model from /Users/lilachshay/fake_news_detection/models/naive_bayes_model.joblib
2025-09-07 21:28:41,922 - INFO - Loading logistic_regression model from /Users/lilachshay/fake_news_detection/models/logistic_regression_model.joblib
2025-09-07 21:28:42,258 - INFO - Loading decision_tree model from /Users/lilachshay/fake_news_detection/models/decision_tree_model.joblib
2025-09-07 21:28:42,438 - INFO - Loading random_forest model from /Users/lilachshay/fake_news_detection/models/random_forest_model.joblib
2025-09-07 21:28:43,051 - INFO - Loading bot detection model
2025-09-07 21:28:43,052 - INFO - Loading bot model from /Users/lilachshay/fake_news_detection/models/bots/random_forest_bot_detector_latest.joblib
2025-09-07 21:28:43,126 - INFO - Loading domain data from /Users/lilachshay/fake_news_detection/data/stats/domains_summary.csv
2025-09-07 21:28:43,144 - INFO - Loaded data for 249 domains
2025-09-07 21:28:43,144 - INFO - All models loaded successfully
2025-09-07 21:35:26,038 - INFO - Starting content classifier UI application...
2025-09-07 21:35:26,368 - INFO - Loading vectorizer from /Users/lilachshay/fake_news_detection/models/tfidf_vectorizer.joblib
2025-09-07 21:35:28,678 - INFO - Loading naive_bayes model from /Users/lilachshay/fake_news_detection/models/naive_bayes_model.joblib
2025-09-07 21:35:28,687 - INFO - Loading logistic_regression model from /Users/lilachshay/fake_news_detection/models/logistic_regression_model.joblib
2025-09-07 21:35:29,029 - INFO - Loading decision_tree model from /Users/lilachshay/fake_news_detection/models/decision_tree_model.joblib
2025-09-07 21:35:29,187 - INFO - Loading random_forest model from /Users/lilachshay/fake_news_detection/models/random_forest_model.joblib
2025-09-07 21:35:29,544 - INFO - Loading bot detection model
2025-09-07 21:35:29,544 - INFO - Loading bot model from /Users/lilachshay/fake_news_detection/models/bots/random_forest_bot_detector_latest.joblib
2025-09-07 21:35:29,669 - INFO - Loading domain data from /Users/lilachshay/fake_news_detection/data/stats/domains_summary.csv
2025-09-07 21:35:29,674 - INFO - Loaded data for 249 domains
2025-09-07 21:35:29,675 - INFO - All models loaded successfully
2025-09-07 21:37:29,120 - INFO - Starting content classifier UI application...
2025-09-07 21:37:29,348 - INFO - Loading vectorizer from /Users/lilachshay/fake_news_detection/models/tfidf_vectorizer.joblib
2025-09-07 21:37:30,698 - INFO - Loading naive_bayes model from /Users/lilachshay/fake_news_detection/models/naive_bayes_model.joblib
2025-09-07 21:37:30,705 - INFO - Loading logistic_regression model from /Users/lilachshay/fake_news_detection/models/logistic_regression_model.joblib
2025-09-07 21:37:30,888 - INFO - Loading decision_tree model from /Users/lilachshay/fake_news_detection/models/decision_tree_model.joblib
2025-09-07 21:37:30,971 - INFO - Loading random_forest model from /Users/lilachshay/fake_news_detection/models/random_forest_model.joblib
2025-09-07 21:37:31,132 - INFO - Loading bot detection model
2025-09-07 21:37:31,132 - INFO - Loading bot model from /Users/lilachshay/fake_news_detection/models/bots/random_forest_bot_detector_latest.joblib
2025-09-07 21:37:31,201 - INFO - Loading domain data from /Users/lilachshay/fake_news_detection/data/stats/domains_summary.csv
2025-09-07 21:37:31,206 - INFO - Loaded data for 249 domains
2025-09-07 21:37:31,206 - INFO - All models loaded successfully
2025-09-07 21:41:30,023 - INFO - Starting content classifier UI application...
2025-09-07 21:41:30,290 - INFO - Loading vectorizer from /Users/lilachshay/fake_news_detection/models/tfidf_vectorizer.joblib
2025-09-07 21:41:32,336 - INFO - Loading naive_bayes model from /Users/lilachshay/fake_news_detection/models/naive_bayes_model.joblib
2025-09-07 21:41:32,342 - INFO - Loading logistic_regression model from /Users/lilachshay/fake_news_detection/models/logistic_regression_model.joblib
2025-09-07 21:41:32,756 - INFO - Loading decision_tree model from /Users/lilachshay/fake_news_detection/models/decision_tree_model.joblib
2025-09-07 21:41:32,947 - INFO - Loading random_forest model from /Users/lilachshay/fake_news_detection/models/random_forest_model.joblib
2025-09-07 21:41:33,205 - INFO - Loading bot detection model
2025-09-07 21:41:33,205 - INFO - Loading bot model from /Users/lilachshay/fake_news_detection/models/bots/random_forest_bot_detector_latest.joblib
2025-09-07 21:41:33,275 - INFO - Loading domain data from /Users/lilachshay/fake_news_detection/data/stats/domains_summary.csv
2025-09-07 21:41:33,280 - INFO - Loaded data for 249 domains
2025-09-07 21:41:33,280 - INFO - All models loaded successfully
2025-09-07 22:22:22,606 - INFO - Starting content classifier UI application...
2025-09-07 22:22:23,357 - INFO - Loading vectorizer from /Users/lilachshay/fake_news_detection/models/tfidf_vectorizer.joblib
2025-09-07 22:22:25,317 - INFO - Loading naive_bayes model from /Users/lilachshay/fake_news_detection/models/naive_bayes_model.joblib
2025-09-07 22:22:25,324 - INFO - Loading logistic_regression model from /Users/lilachshay/fake_news_detection/models/logistic_regression_model.joblib
2025-09-07 22:22:25,661 - INFO - Loading decision_tree model from /Users/lilachshay/fake_news_detection/models/decision_tree_model.joblib
2025-09-07 22:22:25,819 - INFO - Loading random_forest model from /Users/lilachshay/fake_news_detection/models/random_forest_model.joblib
2025-09-07 22:22:26,188 - INFO - Loading bot detection model
2025-09-07 22:22:26,188 - INFO - Loading bot model from /Users/lilachshay/fake_news_detection/models/bots/random_forest_bot_detector_latest.joblib
2025-09-07 22:22:26,349 - INFO - Loading domain data from /Users/lilachshay/fake_news_detection/data/stats/domains_summary.csv
2025-09-07 22:22:26,364 - INFO - Loaded data for 249 domains
2025-09-07 22:22:26,364 - INFO - All models loaded successfully
2025-09-07 22:28:01,061 - INFO - Starting content classifier UI application...
2025-09-07 22:28:01,931 - INFO - Loading vectorizer from /Users/lilachshay/fake_news_detection/models/tfidf_vectorizer.joblib
2025-09-07 22:28:11,555 - INFO - Loading naive_bayes model from /Users/lilachshay/fake_news_detection/models/naive_bayes_model.joblib
2025-09-07 22:28:11,568 - INFO - Loading logistic_regression model from /Users/lilachshay/fake_news_detection/models/logistic_regression_model.joblib
2025-09-07 22:28:18,541 - INFO - Loading decision_tree model from /Users/lilachshay/fake_news_detection/models/decision_tree_model.joblib
2025-09-07 22:28:22,460 - INFO - Loading random_forest model from /Users/lilachshay/fake_news_detection/models/random_forest_model.joblib
2025-09-07 22:28:29,336 - INFO - Loading bot detection model
2025-09-07 22:28:29,338 - INFO - Loading bot model from /Users/lilachshay/fake_news_detection/models/bots/random_forest_bot_detector_latest.joblib
2025-09-07 22:28:29,548 - INFO - Loading domain data from /Users/lilachshay/fake_news_detection/data/stats/domains_summary.csv
2025-09-07 22:28:29,567 - INFO - Loaded data for 249 domains
2025-09-07 22:28:29,567 - INFO - All models loaded successfully
2025-09-07 22:28:40,162 - INFO - Cleaning input text...
2025-09-07 22:28:40,301 - INFO - Final scores - Real: 0.2060, Fake: 0.7940
2025-09-07 22:28:40,301 - INFO - Score contributions: {'model_probability': -0.29395985975503824}
2025-09-07 22:44:23,700 - INFO - Starting content classifier UI application...
2025-09-07 22:44:24,121 - INFO - Loading vectorizer from /Users/lilachshay/fake_news_detection/models/tfidf_vectorizer.joblib
2025-09-07 22:44:27,667 - INFO - Loading naive_bayes model from /Users/lilachshay/fake_news_detection/models/naive_bayes_model.joblib
2025-09-07 22:44:27,678 - INFO - Loading logistic_regression model from /Users/lilachshay/fake_news_detection/models/logistic_regression_model.joblib
2025-09-07 22:44:29,879 - INFO - Loading decision_tree model from /Users/lilachshay/fake_news_detection/models/decision_tree_model.joblib
2025-09-07 22:44:30,704 - INFO - Loading random_forest model from /Users/lilachshay/fake_news_detection/models/random_forest_model.joblib
2025-09-07 22:44:31,628 - INFO - Loading bot detection model
2025-09-07 22:44:31,628 - INFO - Loading bot model from /Users/lilachshay/fake_news_detection/models/bots/random_forest_bot_detector_latest.joblib
2025-09-07 22:44:31,780 - INFO - Loading domain data from /Users/lilachshay/fake_news_detection/data/stats/domains_summary.csv
2025-09-07 22:44:31,797 - INFO - Loaded data for 249 domains
2025-09-07 22:44:31,798 - INFO - All models loaded successfully
2025-09-07 22:51:26,384 - INFO - Starting content classifier UI application...
2025-09-07 22:51:26,640 - INFO - Loading vectorizer from /Users/lilachshay/fake_news_detection/models/tfidf_vectorizer.joblib
2025-09-07 22:51:28,510 - INFO - Loading naive_bayes model from /Users/lilachshay/fake_news_detection/models/naive_bayes_model.joblib
2025-09-07 22:51:28,518 - INFO - Loading logistic_regression model from /Users/lilachshay/fake_news_detection/models/logistic_regression_model.joblib
2025-09-07 22:51:28,845 - INFO - Loading decision_tree model from /Users/lilachshay/fake_news_detection/models/decision_tree_model.joblib
2025-09-07 22:51:29,011 - INFO - Loading random_forest model from /Users/lilachshay/fake_news_detection/models/random_forest_model.joblib
2025-09-07 22:51:29,297 - INFO - Loading bot detection model
2025-09-07 22:51:29,297 - INFO - Loading bot model from /Users/lilachshay/fake_news_detection/models/bots/random_forest_bot_detector_latest.joblib
2025-09-07 22:51:29,368 - INFO - Loading domain data from /Users/lilachshay/fake_news_detection/data/stats/domains_summary.csv
2025-09-07 22:51:29,382 - INFO - Loaded data for 249 domains
2025-09-07 22:51:29,382 - INFO - All models loaded successfully
2025-09-07 22:54:08,088 - INFO - Starting content classifier UI application...
2025-09-07 22:54:08,318 - INFO - Loading vectorizer from /Users/lilachshay/fake_news_detection/models/tfidf_vectorizer.joblib
2025-09-07 22:54:11,961 - INFO - Loading naive_bayes model from /Users/lilachshay/fake_news_detection/models/naive_bayes_model.joblib
2025-09-07 22:54:11,974 - INFO - Loading logistic_regression model from /Users/lilachshay/fake_news_detection/models/logistic_regression_model.joblib
2025-09-07 22:54:12,587 - INFO - Loading decision_tree model from /Users/lilachshay/fake_news_detection/models/decision_tree_model.joblib
2025-09-07 22:54:12,769 - INFO - Loading random_forest model from /Users/lilachshay/fake_news_detection/models/random_forest_model.joblib
2025-09-07 22:54:13,214 - INFO - Loading bot detection model
2025-09-07 22:54:13,215 - INFO - Loading bot model from /Users/lilachshay/fake_news_detection/models/bots/random_forest_bot_detector_latest.joblib
2025-09-07 22:54:13,457 - INFO - Loading domain data from /Users/lilachshay/fake_news_detection/data/stats/domains_summary.csv
2025-09-07 22:54:13,476 - INFO - Loaded data for 249 domains
2025-09-07 22:54:13,476 - INFO - All models loaded successfully
2025-09-07 22:58:29,679 - INFO - Starting content classifier UI application...
2025-09-07 22:58:29,680 - INFO - Loading vectorizer from /Users/lilachshay/fake_news_detection/models/tfidf_vectorizer.joblib
2025-09-07 22:58:31,691 - INFO - Loading naive_bayes model from /Users/lilachshay/fake_news_detection/models/naive_bayes_model.joblib
2025-09-07 22:58:31,698 - INFO - Loading logistic_regression model from /Users/lilachshay/fake_news_detection/models/logistic_regression_model.joblib
2025-09-07 22:58:32,001 - INFO - Loading decision_tree model from /Users/lilachshay/fake_news_detection/models/decision_tree_model.joblib
2025-09-07 22:58:32,125 - INFO - Loading random_forest model from /Users/lilachshay/fake_news_detection/models/random_forest_model.joblib
2025-09-07 22:58:32,375 - INFO - Loading bot detection model
2025-09-07 22:58:32,375 - INFO - Loading bot model from /Users/lilachshay/fake_news_detection/models/bots/random_forest_bot_detector_latest.joblib
2025-09-07 22:58:32,486 - INFO - Loading domain data from /Users/lilachshay/fake_news_detection/data/stats/domains_summary.csv
2025-09-07 22:58:32,496 - INFO - Loaded data for 249 domains
2025-09-07 22:58:32,496 - INFO - All models loaded successfully
2025-09-07 22:58:59,972 - INFO - Starting content classifier UI application...
2025-09-07 22:59:00,257 - INFO - Loading vectorizer from /Users/lilachshay/fake_news_detection/models/tfidf_vectorizer.joblib
2025-09-07 22:59:01,453 - INFO - Loading naive_bayes model from /Users/lilachshay/fake_news_detection/models/naive_bayes_model.joblib
2025-09-07 22:59:01,457 - INFO - Loading logistic_regression model from /Users/lilachshay/fake_news_detection/models/logistic_regression_model.joblib
2025-09-07 22:59:01,587 - INFO - Loading decision_tree model from /Users/lilachshay/fake_news_detection/models/decision_tree_model.joblib
2025-09-07 22:59:01,640 - INFO - Loading random_forest model from /Users/lilachshay/fake_news_detection/models/random_forest_model.joblib
2025-09-07 22:59:01,822 - INFO - Loading bot detection model
2025-09-07 22:59:01,823 - INFO - Loading bot model from /Users/lilachshay/fake_news_detection/models/bots/random_forest_bot_detector_latest.joblib
2025-09-07 22:59:01,912 - INFO - Loading domain data from /Users/lilachshay/fake_news_detection/data/stats/domains_summary.csv
2025-09-07 22:59:01,917 - INFO - Loaded data for 249 domains
2025-09-07 22:59:01,917 - INFO - All models loaded successfully
2025-09-13 12:15:00,920 - INFO - Starting content classifier UI application...
2025-09-13 12:15:01,489 - INFO - Loading vectorizer from /Users/lilachshay/fake_news_detection/models/tfidf_vectorizer.joblib
2025-09-13 12:15:05,892 - INFO - Loading naive_bayes model from /Users/lilachshay/fake_news_detection/models/naive_bayes_model.joblib
2025-09-13 12:15:05,908 - INFO - Loading logistic_regression model from /Users/lilachshay/fake_news_detection/models/logistic_regression_model.joblib
2025-09-13 12:15:06,359 - INFO - Loading decision_tree model from /Users/lilachshay/fake_news_detection/models/decision_tree_model.joblib
2025-09-13 12:15:06,577 - INFO - Loading random_forest model from /Users/lilachshay/fake_news_detection/models/random_forest_model.joblib
2025-09-13 12:15:07,203 - INFO - Loading bot detection model
2025-09-13 12:15:07,203 - INFO - Loading bot model from /Users/lilachshay/fake_news_detection/models/bots/random_forest_bot_detector_latest.joblib
2025-09-13 12:15:07,582 - INFO - Loading domain data from /Users/lilachshay/fake_news_detection/data/stats/domains_summary.csv
2025-09-13 12:15:07,620 - INFO - Loaded data for 249 domains
2025-09-13 12:15:07,620 - INFO - All models loaded successfully
2025-09-13 12:15:09,511 - INFO - Starting content classifier UI application...
2025-09-13 12:15:09,756 - INFO - Loading vectorizer from /Users/lilachshay/fake_news_detection/models/tfidf_vectorizer.joblib
2025-09-13 12:15:15,699 - INFO - Loading naive_bayes model from /Users/lilachshay/fake_news_detection/models/naive_bayes_model.joblib
2025-09-13 12:15:15,730 - INFO - Loading logistic_regression model from /Users/lilachshay/fake_news_detection/models/logistic_regression_model.joblib
2025-09-13 12:15:16,372 - INFO - Loading decision_tree model from /Users/lilachshay/fake_news_detection/models/decision_tree_model.joblib
2025-09-13 12:15:16,658 - INFO - Loading random_forest model from /Users/lilachshay/fake_news_detection/models/random_forest_model.joblib
2025-09-13 12:15:17,216 - INFO - Loading bot detection model
2025-09-13 12:15:17,216 - INFO - Loading bot model from /Users/lilachshay/fake_news_detection/models/bots/random_forest_bot_detector_latest.joblib
2025-09-13 12:15:17,677 - INFO - Loading domain data from /Users/lilachshay/fake_news_detection/data/stats/domains_summary.csv
2025-09-13 12:15:17,686 - INFO - Loaded data for 249 domains
2025-09-13 12:15:17,687 - INFO - All models loaded successfully
2025-09-13 12:27:18,148 - INFO - Starting content classifier UI application...
2025-09-13 12:27:18,669 - INFO - Initializing NewsClassifier to load models
2025-09-13 12:27:18,669 - INFO - Starting classification application...
2025-09-13 12:27:18,669 - INFO - Loading vectorizer from /Users/lilachshay/fake_news_detection/models/tfidf_vectorizer.joblib
2025-09-13 12:27:20,459 - INFO - Loading naive_bayes model from /Users/lilachshay/fake_news_detection/models/naive_bayes_model.joblib
2025-09-13 12:27:20,468 - INFO - Loading logistic_regression model from /Users/lilachshay/fake_news_detection/models/logistic_regression_model.joblib
2025-09-13 12:27:20,871 - INFO - Loading decision_tree model from /Users/lilachshay/fake_news_detection/models/decision_tree_model.joblib
2025-09-13 12:27:21,050 - INFO - Loading random_forest model from /Users/lilachshay/fake_news_detection/models/random_forest_model.joblib
2025-09-13 12:27:21,630 - INFO - Loaded bot detection model from /Users/lilachshay/fake_news_detection/models/bots/random_forest_bot_detector_latest.joblib
2025-09-13 12:27:21,630 - INFO - All models loaded successfully
2025-09-13 12:27:21,643 - INFO - Loaded data for 249 domains
2025-09-13 12:27:21,643 - INFO - All models loaded successfully
2025-09-13 12:53:37,179 - INFO - Starting content classifier UI application...
2025-09-13 12:53:37,607 - INFO - Initializing NewsClassifier to load models
2025-09-13 12:53:37,607 - INFO - Starting classification application...
2025-09-13 12:53:37,607 - INFO - Loading vectorizer from /Users/lilachshay/fake_news_detection/models/tfidf_vectorizer.joblib
2025-09-13 12:53:38,996 - INFO - Loading naive_bayes model from /Users/lilachshay/fake_news_detection/models/naive_bayes_model.joblib
2025-09-13 12:53:39,003 - INFO - Loading logistic_regression model from /Users/lilachshay/fake_news_detection/models/logistic_regression_model.joblib
2025-09-13 12:53:39,188 - INFO - Loading decision_tree model from /Users/lilachshay/fake_news_detection/models/decision_tree_model.joblib
2025-09-13 12:53:39,267 - INFO - Loading random_forest model from /Users/lilachshay/fake_news_detection/models/random_forest_model.joblib
2025-09-13 12:53:39,531 - INFO - Loaded bot detection model from /Users/lilachshay/fake_news_detection/models/bots/random_forest_bot_detector_latest.joblib
2025-09-13 12:53:39,531 - INFO - All models loaded successfully
2025-09-13 12:53:39,535 - INFO - Loaded data for 249 domains
2025-09-13 12:53:39,535 - INFO - All models loaded successfully
2025-09-13 20:15:00,336 - INFO - Starting content classifier UI application...
2025-09-13 20:15:01,055 - INFO - Initializing NewsClassifier to load models
2025-09-13 20:15:01,055 - INFO - Starting classification application...
2025-09-13 20:15:01,055 - INFO - Loading vectorizer from /Users/lilachshay/fake_news_detection/models/tfidf_vectorizer.joblib
2025-09-13 20:15:02,024 - INFO - Loading naive_bayes model from /Users/lilachshay/fake_news_detection/models/naive_bayes_model.joblib
2025-09-13 20:15:02,028 - INFO - Loading logistic_regression model from /Users/lilachshay/fake_news_detection/models/logistic_regression_model.joblib
2025-09-13 20:15:02,136 - INFO - Loading decision_tree model from /Users/lilachshay/fake_news_detection/models/decision_tree_model.joblib
2025-09-13 20:15:02,183 - INFO - Loading random_forest model from /Users/lilachshay/fake_news_detection/models/random_forest_model.joblib
2025-09-13 20:15:02,418 - INFO - Loaded bot detection model from /Users/lilachshay/fake_news_detection/models/bots/random_forest_bot_detector_latest.joblib
2025-09-13 20:15:02,418 - INFO - All models loaded successfully
2025-09-13 20:15:02,422 - INFO - Loaded data for 249 domains
2025-09-13 20:15:02,422 - INFO - All models loaded successfully
